/Users/aclement/forks/spring-init-experiment
[INFO] Scanning for projects...
[WARNING] 
[WARNING] Some problems were encountered while building the effective model for spring-init-experiment:server:jar:1.0-SNAPSHOT
[WARNING] 'dependencies.dependency.(groupId:artifactId:type:classifier)' must be unique: ${project.groupId}:slim:jar -> duplicate declaration of version ${project.version} @ line 53, column 15
[WARNING] 
[WARNING] It is highly recommended to fix these problems because they threaten the stability of your build.
[WARNING] 
[WARNING] For this reason, future Maven versions might no longer support building such malformed projects.
[WARNING] 
[INFO] ------------------------------------------------------------------------
[INFO] Reactor Build Order:
[INFO] 
[INFO] slim                                                               [jar]
[INFO] library                                                            [jar]
[INFO] aspects                                                            [jar]
[INFO] Parent Demo                                                        [pom]
[INFO] application                                                        [jar]
[INFO] server                                                             [jar]
[INFO] jackson                                                            [jar]
[INFO] mustache                                                           [jar]
[INFO] Parent Demo                                                        [pom]
[INFO] 
[INFO] --------------------< spring-init-experiment:slim >---------------------
[INFO] Building slim 1.0-SNAPSHOT                                         [1/9]
[INFO] --------------------------------[ jar ]---------------------------------
[INFO] 
[INFO] --- maven-clean-plugin:3.1.0:clean (default-clean) @ slim ---
[INFO] Deleting /Users/aclement/forks/spring-init-experiment/modules/slim/target
[INFO] 
[INFO] --- maven-resources-plugin:3.1.0:resources (default-resources) @ slim ---
[INFO] Using 'UTF-8' encoding to copy filtered resources.
[INFO] Copying 0 resource
[INFO] Copying 1 resource
[INFO] 
[INFO] --- maven-compiler-plugin:3.8.0:compile (default-compile) @ slim ---
[INFO] Changes detected - recompiling the module!
[INFO] Compiling 9 source files to /Users/aclement/forks/spring-init-experiment/modules/slim/target/classes
[INFO] /Users/aclement/forks/spring-init-experiment/modules/slim/src/main/java/plugin/SlimConfigurationPlugin.java: /Users/aclement/forks/spring-init-experiment/modules/slim/src/main/java/plugin/SlimConfigurationPlugin.java uses unchecked or unsafe operations.
[INFO] /Users/aclement/forks/spring-init-experiment/modules/slim/src/main/java/plugin/SlimConfigurationPlugin.java: Recompile with -Xlint:unchecked for details.
[INFO] 
[INFO] --- maven-resources-plugin:3.1.0:testResources (default-testResources) @ slim ---
[INFO] Using 'UTF-8' encoding to copy filtered resources.
[INFO] skip non existing resourceDirectory /Users/aclement/forks/spring-init-experiment/modules/slim/src/test/resources
[INFO] 
[INFO] --- maven-compiler-plugin:3.8.0:testCompile (default-testCompile) @ slim ---
[INFO] No sources to compile
[INFO] 
[INFO] --- maven-surefire-plugin:2.22.1:test (default-test) @ slim ---
[INFO] No tests to run.
[INFO] 
[INFO] -------------------< spring-init-experiment:library >-------------------
[INFO] Building library 1.0-SNAPSHOT                                      [2/9]
[INFO] --------------------------------[ jar ]---------------------------------
[INFO] 
[INFO] --- maven-clean-plugin:3.1.0:clean (default-clean) @ library ---
[INFO] Deleting /Users/aclement/forks/spring-init-experiment/modules/library/target
[INFO] 
[INFO] --- maven-resources-plugin:3.1.0:resources (default-resources) @ library ---
[INFO] Using 'UTF-8' encoding to copy filtered resources.
[INFO] Copying 0 resource
[INFO] Copying 1 resource
[INFO] 
[INFO] --- maven-compiler-plugin:3.8.0:compile (default-compile) @ library ---
[INFO] Changes detected - recompiling the module!
[INFO] Compiling 15 source files to /Users/aclement/forks/spring-init-experiment/modules/library/target/classes
[INFO] 
[INFO] --- maven-resources-plugin:3.1.0:testResources (default-testResources) @ library ---
[INFO] Using 'UTF-8' encoding to copy filtered resources.
[INFO] skip non existing resourceDirectory /Users/aclement/forks/spring-init-experiment/modules/library/src/test/resources
[INFO] 
[INFO] --- maven-compiler-plugin:3.8.0:testCompile (default-testCompile) @ library ---
[INFO] No sources to compile
[INFO] 
[INFO] --- maven-surefire-plugin:2.22.1:test (default-test) @ library ---
[INFO] No tests to run.
[INFO] 
[INFO] -------------------< spring-init-experiment:aspects >-------------------
[INFO] Building aspects 1.0-SNAPSHOT                                      [3/9]
[INFO] --------------------------------[ jar ]---------------------------------
[INFO] 
[INFO] --- maven-clean-plugin:3.1.0:clean (default-clean) @ aspects ---
[INFO] Deleting /Users/aclement/forks/spring-init-experiment/modules/aspects/target
[INFO] 
[INFO] --- maven-resources-plugin:3.1.0:resources (default-resources) @ aspects ---
[INFO] Using 'UTF-8' encoding to copy filtered resources.
[INFO] Copying 0 resource
[INFO] Copying 2 resources
[INFO] 
[INFO] --- maven-compiler-plugin:3.8.0:compile (default-compile) @ aspects ---
[INFO] Changes detected - recompiling the module!
[INFO] Compiling 6 source files to /Users/aclement/forks/spring-init-experiment/modules/aspects/target/classes
[INFO] 
[INFO] --- maven-resources-plugin:3.1.0:testResources (default-testResources) @ aspects ---
[INFO] Using 'UTF-8' encoding to copy filtered resources.
[INFO] skip non existing resourceDirectory /Users/aclement/forks/spring-init-experiment/modules/aspects/src/test/resources
[INFO] 
[INFO] --- maven-compiler-plugin:3.8.0:testCompile (default-testCompile) @ aspects ---
[INFO] No sources to compile
[INFO] 
[INFO] --- maven-surefire-plugin:2.22.1:test (default-test) @ aspects ---
[INFO] No tests to run.
[INFO] 
[INFO] -----------------------< com.example:libraries >------------------------
[INFO] Building Parent Demo 0.0.1-SNAPSHOT                                [4/9]
[INFO] --------------------------------[ pom ]---------------------------------
[INFO] 
[INFO] --- maven-clean-plugin:3.1.0:clean (default-clean) @ libraries ---
[INFO] 
[INFO] -----------------< spring-init-experiment:application >-----------------
[INFO] Building application 1.0-SNAPSHOT                                  [5/9]
[INFO] --------------------------------[ jar ]---------------------------------
[INFO] 
[INFO] --- maven-clean-plugin:3.1.0:clean (default-clean) @ application ---
[INFO] Deleting /Users/aclement/forks/spring-init-experiment/application/target
[INFO] 
[INFO] --- maven-resources-plugin:3.1.0:resources (default-resources) @ application ---
[INFO] Using 'UTF-8' encoding to copy filtered resources.
[INFO] Copying 1 resource
[INFO] Copying 1 resource
[INFO] 
[INFO] --- maven-compiler-plugin:3.8.0:compile (default-compile) @ application ---
[INFO] Changes detected - recompiling the module!
[INFO] Compiling 4 source files to /Users/aclement/forks/spring-init-experiment/application/target/classes
[INFO] 
[INFO] --- byte-buddy-maven-plugin:1.8.21:transform (default) @ application ---
[INFO] Resolving transformer dependency: MavenCoordinate{groupId='spring-init-experiment', artifactId='application', version='1.0-SNAPSHOT', packaging='jar'}
[INFO] Created plugin: plugin.SlimConfigurationPlugin
[INFO] Resolved entry point: REBASE
[INFO] Processing class files located in in: /Users/aclement/forks/spring-init-experiment/application/target/classes
Matching: class app.main.Bar
Matching: class app.main.Foo
Searching for interface slim.ImportModule in @org.springframework.boot.context.properties.ConfigurationProperties(value=app, prefix=, ignoreInvalidFields=false, ignoreUnknownFields=true)
Searching for interface slim.ImportModule in @java.lang.annotation.Target(value=[TYPE, METHOD])
Searching for interface slim.ImportModule in @java.lang.annotation.Documented()
Searching for interface slim.ImportModule in @java.lang.annotation.Retention(value=RUNTIME)
Searching for interface slim.ImportModule in @java.lang.annotation.Target(value=[ANNOTATION_TYPE])
Searching for interface org.springframework.context.annotation.Configuration in @org.springframework.boot.context.properties.ConfigurationProperties(value=app, prefix=, ignoreInvalidFields=false, ignoreUnknownFields=true)
Searching for interface org.springframework.context.annotation.Configuration in @java.lang.annotation.Target(value=[TYPE, METHOD])
Searching for interface org.springframework.context.annotation.Configuration in @java.lang.annotation.Documented()
Searching for interface org.springframework.context.annotation.Configuration in @java.lang.annotation.Retention(value=RUNTIME)
Searching for interface org.springframework.context.annotation.Configuration in @java.lang.annotation.Target(value=[ANNOTATION_TYPE])
Matching: class app.main.SampleApplication
Searching for interface slim.ImportModule in @org.springframework.boot.SpringBootConfiguration()
Searching for interface slim.ImportModule in @java.lang.annotation.Target(value=[TYPE])
Searching for interface slim.ImportModule in @java.lang.annotation.Documented()
Searching for interface slim.ImportModule in @java.lang.annotation.Retention(value=RUNTIME)
Searching for interface slim.ImportModule in @java.lang.annotation.Target(value=[ANNOTATION_TYPE])
Searching for interface slim.ImportModule in @org.springframework.context.annotation.Configuration(value=)
Searching for interface slim.ImportModule in @org.springframework.stereotype.Component(value=)
Searching for interface slim.ImportModule in @org.springframework.stereotype.Indexed()
Searching for interface slim.ImportModule in @org.springframework.context.annotation.Import(value=[class org.springframework.boot.autoconfigure.gson.GsonAutoConfiguration, class app.main.SampleConfiguration, class org.springframework.boot.autoconfigure.context.PropertyPlaceholderAutoConfiguration, class org.springframework.boot.autoconfigure.context.ConfigurationPropertiesAutoConfiguration])
Searching for interface slim.ImportModule in @java.lang.annotation.Target(value=[TYPE])
Searching for interface slim.ImportModule in @java.lang.annotation.Documented()
Searching for interface slim.ImportModule in @java.lang.annotation.Retention(value=RUNTIME)
Searching for interface slim.ImportModule in @java.lang.annotation.Target(value=[ANNOTATION_TYPE])
Searching for interface org.springframework.context.annotation.Configuration in @org.springframework.boot.SpringBootConfiguration()
Searching for interface org.springframework.context.annotation.Configuration in @java.lang.annotation.Target(value=[TYPE])
Searching for interface org.springframework.context.annotation.Configuration in @java.lang.annotation.Documented()
Searching for interface org.springframework.context.annotation.Configuration in @java.lang.annotation.Retention(value=RUNTIME)
Searching for interface org.springframework.context.annotation.Configuration in @java.lang.annotation.Target(value=[ANNOTATION_TYPE])
Searching for interface org.springframework.context.annotation.Configuration in @org.springframework.context.annotation.Configuration(value=)
>/Users/aclement/forks/spring-init-experiment/application/target/classes
>/Users/aclement/forks/spring-init-experiment/application/target/classes
>/Users/aclement/forks/spring-init-experiment/modules/library/target/classes
>/Users/aclement/forks/spring-init-experiment/modules/slim/target/classes
>/Users/aclement/.m2/repository/org/springframework/boot/spring-boot-autoconfigure/2.1.0.BUILD-SNAPSHOT/spring-boot-autoconfigure-2.1.0.BUILD-SNAPSHOT.jar
>/Users/aclement/.m2/repository/org/springframework/boot/spring-boot-starter/2.1.0.BUILD-SNAPSHOT/spring-boot-starter-2.1.0.BUILD-SNAPSHOT.jar
>/Users/aclement/.m2/repository/org/springframework/boot/spring-boot/2.1.0.BUILD-SNAPSHOT/spring-boot-2.1.0.BUILD-SNAPSHOT.jar
>/Users/aclement/.m2/repository/org/springframework/spring-context/5.1.0.BUILD-SNAPSHOT/spring-context-5.1.0.BUILD-SNAPSHOT.jar
>/Users/aclement/.m2/repository/org/springframework/spring-aop/5.1.0.BUILD-SNAPSHOT/spring-aop-5.1.0.BUILD-SNAPSHOT.jar
>/Users/aclement/.m2/repository/org/springframework/spring-beans/5.1.0.BUILD-SNAPSHOT/spring-beans-5.1.0.BUILD-SNAPSHOT.jar
>/Users/aclement/.m2/repository/org/springframework/spring-expression/5.1.0.BUILD-SNAPSHOT/spring-expression-5.1.0.BUILD-SNAPSHOT.jar
>/Users/aclement/.m2/repository/org/springframework/boot/spring-boot-starter-logging/2.1.0.BUILD-SNAPSHOT/spring-boot-starter-logging-2.1.0.BUILD-SNAPSHOT.jar
>/Users/aclement/.m2/repository/ch/qos/logback/logback-classic/1.2.3/logback-classic-1.2.3.jar
>/Users/aclement/.m2/repository/ch/qos/logback/logback-core/1.2.3/logback-core-1.2.3.jar
>/Users/aclement/.m2/repository/org/apache/logging/log4j/log4j-to-slf4j/2.11.1/log4j-to-slf4j-2.11.1.jar
>/Users/aclement/.m2/repository/org/apache/logging/log4j/log4j-api/2.11.1/log4j-api-2.11.1.jar
>/Users/aclement/.m2/repository/org/slf4j/jul-to-slf4j/1.7.25/jul-to-slf4j-1.7.25.jar
>/Users/aclement/.m2/repository/javax/annotation/javax.annotation-api/1.3.2/javax.annotation-api-1.3.2.jar
>/Users/aclement/.m2/repository/org/springframework/spring-core/5.1.0.BUILD-SNAPSHOT/spring-core-5.1.0.BUILD-SNAPSHOT.jar
>/Users/aclement/.m2/repository/org/springframework/spring-jcl/5.1.0.BUILD-SNAPSHOT/spring-jcl-5.1.0.BUILD-SNAPSHOT.jar
>/Users/aclement/.m2/repository/org/springframework/boot/spring-boot-configuration-processor/2.1.0.BUILD-SNAPSHOT/spring-boot-configuration-processor-2.1.0.BUILD-SNAPSHOT.jar
>/Users/aclement/.m2/repository/org/slf4j/slf4j-api/1.7.25/slf4j-api-1.7.25.jar
>/Users/aclement/.m2/repository/com/google/code/gson/gson/2.8.5/gson-2.8.5.jar
Generating initializer for app.main.SampleApplication
No type level conditions on class app.main.SampleApplication
Searching for interface org.springframework.boot.SpringBootConfiguration in @org.springframework.boot.SpringBootConfiguration()
Finding imports for class app.main.SampleApplication
Searching for interface org.springframework.context.annotation.Import in @org.springframework.boot.SpringBootConfiguration()
Searching for interface org.springframework.context.annotation.Import in @java.lang.annotation.Target(value=[TYPE])
Searching for interface org.springframework.context.annotation.Import in @java.lang.annotation.Documented()
Searching for interface org.springframework.context.annotation.Import in @java.lang.annotation.Retention(value=RUNTIME)
Searching for interface org.springframework.context.annotation.Import in @java.lang.annotation.Target(value=[ANNOTATION_TYPE])
Searching for interface org.springframework.context.annotation.Import in @org.springframework.context.annotation.Configuration(value=)
Searching for interface org.springframework.context.annotation.Import in @org.springframework.stereotype.Component(value=)
Searching for interface org.springframework.context.annotation.Import in @org.springframework.stereotype.Indexed()
Searching for interface org.springframework.context.annotation.Import in @org.springframework.context.annotation.Import(value=[class org.springframework.boot.autoconfigure.gson.GsonAutoConfiguration, class app.main.SampleConfiguration, class org.springframework.boot.autoconfigure.context.PropertyPlaceholderAutoConfiguration, class org.springframework.boot.autoconfigure.context.ConfigurationPropertiesAutoConfiguration])
Import class org.springframework.boot.autoconfigure.gson.GsonAutoConfiguration
Import class app.main.SampleConfiguration
Import class org.springframework.boot.autoconfigure.context.PropertyPlaceholderAutoConfiguration
Import class org.springframework.boot.autoconfigure.context.ConfigurationPropertiesAutoConfiguration
Discovering @Import on app.main.SampleApplication, found: [org.springframework.boot.autoconfigure.gson.GsonAutoConfiguration,app.main.SampleConfiguration,org.springframework.boot.autoconfigure.context.PropertyPlaceholderAutoConfiguration,org.springframework.boot.autoconfigure.context.ConfigurationPropertiesAutoConfiguration]
GsonAutoConfiguration
Searching for interface slim.ImportModule in @org.springframework.context.annotation.Configuration(value=)
Searching for interface slim.ImportModule in @java.lang.annotation.Target(value=[TYPE])
Searching for interface slim.ImportModule in @java.lang.annotation.Documented()
Searching for interface slim.ImportModule in @java.lang.annotation.Retention(value=RUNTIME)
Searching for interface slim.ImportModule in @java.lang.annotation.Target(value=[ANNOTATION_TYPE])
Searching for interface slim.ImportModule in @org.springframework.stereotype.Component(value=)
Searching for interface slim.ImportModule in @org.springframework.stereotype.Indexed()
Searching for interface slim.ImportModule in @org.springframework.boot.autoconfigure.condition.ConditionalOnClass(value=[class com.google.gson.Gson], name=[])
Searching for interface slim.ImportModule in @java.lang.annotation.Target(value=[TYPE, METHOD])
Searching for interface slim.ImportModule in @java.lang.annotation.Documented()
Searching for interface slim.ImportModule in @java.lang.annotation.Retention(value=RUNTIME)
Searching for interface slim.ImportModule in @java.lang.annotation.Target(value=[ANNOTATION_TYPE])
Searching for interface slim.ImportModule in @org.springframework.context.annotation.Conditional(value=[class org.springframework.boot.autoconfigure.condition.OnClassCondition])
Searching for interface slim.ImportModule in @org.springframework.boot.context.properties.EnableConfigurationProperties(value=[class org.springframework.boot.autoconfigure.gson.GsonProperties])
Searching for interface slim.ImportModule in @java.lang.annotation.Target(value=[TYPE])
Searching for interface slim.ImportModule in @java.lang.annotation.Documented()
Searching for interface slim.ImportModule in @java.lang.annotation.Retention(value=RUNTIME)
Searching for interface slim.ImportModule in @java.lang.annotation.Target(value=[ANNOTATION_TYPE])
Searching for interface slim.ImportModule in @org.springframework.context.annotation.Import(value=[class org.springframework.boot.context.properties.EnableConfigurationPropertiesImportSelector])
Skipping class org.springframework.boot.autoconfigure.gson.GsonAutoConfiguration
SampleConfiguration
Searching for interface slim.ImportModule in @org.springframework.context.annotation.Configuration(value=)
Searching for interface slim.ImportModule in @java.lang.annotation.Target(value=[TYPE])
Searching for interface slim.ImportModule in @java.lang.annotation.Documented()
Searching for interface slim.ImportModule in @java.lang.annotation.Retention(value=RUNTIME)
Searching for interface slim.ImportModule in @java.lang.annotation.Target(value=[ANNOTATION_TYPE])
Searching for interface slim.ImportModule in @org.springframework.stereotype.Component(value=)
Searching for interface slim.ImportModule in @org.springframework.stereotype.Indexed()
Not skipping class app.main.SampleConfiguration
PropertyPlaceholderAutoConfiguration
Searching for interface slim.ImportModule in @org.springframework.context.annotation.Configuration(value=)
Searching for interface slim.ImportModule in @java.lang.annotation.Target(value=[TYPE])
Searching for interface slim.ImportModule in @java.lang.annotation.Documented()
Searching for interface slim.ImportModule in @java.lang.annotation.Retention(value=RUNTIME)
Searching for interface slim.ImportModule in @java.lang.annotation.Target(value=[ANNOTATION_TYPE])
Searching for interface slim.ImportModule in @org.springframework.stereotype.Component(value=)
Searching for interface slim.ImportModule in @org.springframework.stereotype.Indexed()
Searching for interface slim.ImportModule in @org.springframework.boot.autoconfigure.AutoConfigureOrder(value=-2147483648)
Searching for interface slim.ImportModule in @java.lang.annotation.Retention(value=RUNTIME)
Searching for interface slim.ImportModule in @java.lang.annotation.Documented()
Searching for interface slim.ImportModule in @java.lang.annotation.Target(value=[ANNOTATION_TYPE])
Searching for interface slim.ImportModule in @java.lang.annotation.Target(value=[TYPE, METHOD, FIELD])
Skipping class org.springframework.boot.autoconfigure.context.PropertyPlaceholderAutoConfiguration
ConfigurationPropertiesAutoConfiguration
Searching for interface slim.ImportModule in @org.springframework.context.annotation.Configuration(value=)
Searching for interface slim.ImportModule in @java.lang.annotation.Target(value=[TYPE])
Searching for interface slim.ImportModule in @java.lang.annotation.Documented()
Searching for interface slim.ImportModule in @java.lang.annotation.Retention(value=RUNTIME)
Searching for interface slim.ImportModule in @java.lang.annotation.Target(value=[ANNOTATION_TYPE])
Searching for interface slim.ImportModule in @org.springframework.stereotype.Component(value=)
Searching for interface slim.ImportModule in @org.springframework.stereotype.Indexed()
Searching for interface slim.ImportModule in @org.springframework.boot.context.properties.EnableConfigurationProperties(value=[])
Searching for interface slim.ImportModule in @java.lang.annotation.Target(value=[TYPE])
Searching for interface slim.ImportModule in @java.lang.annotation.Documented()
Searching for interface slim.ImportModule in @java.lang.annotation.Retention(value=RUNTIME)
Searching for interface slim.ImportModule in @java.lang.annotation.Target(value=[ANNOTATION_TYPE])
Searching for interface slim.ImportModule in @org.springframework.context.annotation.Import(value=[class org.springframework.boot.context.properties.EnableConfigurationPropertiesImportSelector])
Skipping class org.springframework.boot.autoconfigure.context.ConfigurationPropertiesAutoConfiguration
Generating module for app.main.SampleApplication calling
- class app.main.SampleApplication
- class app.main.SampleConfiguration
Module: app.main.SampleModule
Saving: class app.main.SampleModule in /Users/aclement/forks/spring-init-experiment/application/target/classes
Creating module for org.springframework.boot.autoconfigure.gson.GsonAutoConfiguration
Can we do it in this project? 
yes
Creating module initializer (the inner class) called org.springframework.boot.autoconfigure.gson.GsonAutoConfigurationModule$Initializer
Generating initializer for org.springframework.boot.autoconfigure.gson.GsonAutoConfiguration
Problem creating module initializer Can't check annotations on org.springframework.boot.autoconfigure.gson.GsonAutoConfiguration
java.lang.RuntimeException: Can't check annotations on org.springframework.boot.autoconfigure.gson.GsonAutoConfiguration
	at plugin.SlimConfigurationPlugin$InitializerClassFactory.fetchConditionalAnnotations(SlimConfigurationPlugin.java:1190)
	at plugin.SlimConfigurationPlugin$InitializerClassFactory.processConfigurationTypeLevelConditions(SlimConfigurationPlugin.java:1058)
	at plugin.SlimConfigurationPlugin$InitializerClassFactory.make(SlimConfigurationPlugin.java:983)
	at plugin.SlimConfigurationPlugin.createModuleForAutoConfiguration(SlimConfigurationPlugin.java:214)
	at plugin.SlimConfigurationPlugin.apply(SlimConfigurationPlugin.java:172)
	at net.bytebuddy.build.maven.ByteBuddyMojo.processClassFile(ByteBuddyMojo.java:408)
	at net.bytebuddy.build.maven.ByteBuddyMojo.processDirectory(ByteBuddyMojo.java:354)
	at net.bytebuddy.build.maven.ByteBuddyMojo.processDirectory(ByteBuddyMojo.java:344)
	at net.bytebuddy.build.maven.ByteBuddyMojo.processDirectory(ByteBuddyMojo.java:344)
	at net.bytebuddy.build.maven.ByteBuddyMojo.transform(ByteBuddyMojo.java:299)
	at net.bytebuddy.build.maven.ByteBuddyMojo.processOutputDirectory(ByteBuddyMojo.java:240)
	at net.bytebuddy.build.maven.ByteBuddyMojo.execute(ByteBuddyMojo.java:180)
	at org.apache.maven.plugin.DefaultBuildPluginManager.executeMojo(DefaultBuildPluginManager.java:137)
	at org.apache.maven.lifecycle.internal.MojoExecutor.execute(MojoExecutor.java:208)
	at org.apache.maven.lifecycle.internal.MojoExecutor.execute(MojoExecutor.java:154)
	at org.apache.maven.lifecycle.internal.MojoExecutor.execute(MojoExecutor.java:146)
	at org.apache.maven.lifecycle.internal.LifecycleModuleBuilder.buildProject(LifecycleModuleBuilder.java:117)
	at org.apache.maven.lifecycle.internal.LifecycleModuleBuilder.buildProject(LifecycleModuleBuilder.java:81)
	at org.apache.maven.lifecycle.internal.builder.singlethreaded.SingleThreadedBuilder.build(SingleThreadedBuilder.java:56)
	at org.apache.maven.lifecycle.internal.LifecycleStarter.execute(LifecycleStarter.java:128)
	at org.apache.maven.DefaultMaven.doExecute(DefaultMaven.java:305)
	at org.apache.maven.DefaultMaven.doExecute(DefaultMaven.java:192)
	at org.apache.maven.DefaultMaven.execute(DefaultMaven.java:105)
	at org.apache.maven.cli.MavenCli.execute(MavenCli.java:954)
	at org.apache.maven.cli.MavenCli.doMain(MavenCli.java:288)
	at org.apache.maven.cli.MavenCli.main(MavenCli.java:192)
	at sun.reflect.NativeMethodAccessorImpl.invoke0(Native Method)
	at sun.reflect.NativeMethodAccessorImpl.invoke(NativeMethodAccessorImpl.java:62)
	at sun.reflect.DelegatingMethodAccessorImpl.invoke(DelegatingMethodAccessorImpl.java:43)
	at java.lang.reflect.Method.invoke(Method.java:498)
	at org.codehaus.plexus.classworlds.launcher.Launcher.launchEnhanced(Launcher.java:289)
	at org.codehaus.plexus.classworlds.launcher.Launcher.launch(Launcher.java:229)
	at org.codehaus.plexus.classworlds.launcher.Launcher.mainWithExitCode(Launcher.java:415)
	at org.codehaus.plexus.classworlds.launcher.Launcher.main(Launcher.java:356)
	at sun.reflect.NativeMethodAccessorImpl.invoke0(Native Method)
	at sun.reflect.NativeMethodAccessorImpl.invoke(NativeMethodAccessorImpl.java:62)
	at sun.reflect.DelegatingMethodAccessorImpl.invoke(DelegatingMethodAccessorImpl.java:43)
	at java.lang.reflect.Method.invoke(Method.java:498)
	at org.apache.maven.wrapper.BootstrapMainStarter.start(BootstrapMainStarter.java:39)
	at org.apache.maven.wrapper.WrapperExecutor.execute(WrapperExecutor.java:122)
	at org.apache.maven.wrapper.MavenWrapperMain.main(MavenWrapperMain.java:50)
Caused by: java.lang.ArrayStoreException: sun.reflect.annotation.TypeNotPresentExceptionProxy
	at sun.reflect.annotation.AnnotationParser.parseClassArray(AnnotationParser.java:724)
	at sun.reflect.annotation.AnnotationParser.parseArray(AnnotationParser.java:531)
	at sun.reflect.annotation.AnnotationParser.parseMemberValue(AnnotationParser.java:355)
	at sun.reflect.annotation.AnnotationParser.parseAnnotation2(AnnotationParser.java:286)
	at sun.reflect.annotation.AnnotationParser.parseAnnotations2(AnnotationParser.java:120)
	at sun.reflect.annotation.AnnotationParser.parseAnnotations(AnnotationParser.java:72)
	at java.lang.Class.createAnnotationData(Class.java:3521)
	at java.lang.Class.annotationData(Class.java:3510)
	at java.lang.Class.getDeclaredAnnotations(Class.java:3477)
	at net.bytebuddy.description.type.TypeDescription$ForLoadedType.getDeclaredAnnotations(TypeDescription.java:7542)
	at plugin.SlimConfigurationPlugin$InitializerClassFactory.fetchConditionalAnnotations(SlimConfigurationPlugin.java:1187)
	... 40 more
Creating module called org.springframework.boot.autoconfigure.gson.GsonAutoConfigurationModule
Generating module for org.springframework.boot.autoconfigure.gson.GsonAutoConfigurationModule calling
Module: org.springframework.boot.autoconfigure.gson.GsonAutoConfigurationModule
Saving new module: org.springframework.boot.autoconfigure.gson.GsonAutoConfigurationModule in /Users/aclement/forks/spring-init-experiment/application/target/classes
Matching: class app.main.SampleConfiguration
Searching for interface slim.ImportModule in @org.springframework.context.annotation.Configuration(value=)
Searching for interface slim.ImportModule in @java.lang.annotation.Target(value=[TYPE])
Searching for interface slim.ImportModule in @java.lang.annotation.Documented()
Searching for interface slim.ImportModule in @java.lang.annotation.Retention(value=RUNTIME)
Searching for interface slim.ImportModule in @java.lang.annotation.Target(value=[ANNOTATION_TYPE])
Searching for interface slim.ImportModule in @org.springframework.stereotype.Component(value=)
Searching for interface slim.ImportModule in @org.springframework.stereotype.Indexed()
Searching for interface org.springframework.context.annotation.Configuration in @org.springframework.context.annotation.Configuration(value=)
>/Users/aclement/forks/spring-init-experiment/application/target/classes
>/Users/aclement/forks/spring-init-experiment/application/target/classes
>/Users/aclement/forks/spring-init-experiment/modules/library/target/classes
>/Users/aclement/forks/spring-init-experiment/modules/slim/target/classes
>/Users/aclement/.m2/repository/org/springframework/boot/spring-boot-autoconfigure/2.1.0.BUILD-SNAPSHOT/spring-boot-autoconfigure-2.1.0.BUILD-SNAPSHOT.jar
>/Users/aclement/.m2/repository/org/springframework/boot/spring-boot-starter/2.1.0.BUILD-SNAPSHOT/spring-boot-starter-2.1.0.BUILD-SNAPSHOT.jar
>/Users/aclement/.m2/repository/org/springframework/boot/spring-boot/2.1.0.BUILD-SNAPSHOT/spring-boot-2.1.0.BUILD-SNAPSHOT.jar
>/Users/aclement/.m2/repository/org/springframework/spring-context/5.1.0.BUILD-SNAPSHOT/spring-context-5.1.0.BUILD-SNAPSHOT.jar
>/Users/aclement/.m2/repository/org/springframework/spring-aop/5.1.0.BUILD-SNAPSHOT/spring-aop-5.1.0.BUILD-SNAPSHOT.jar
>/Users/aclement/.m2/repository/org/springframework/spring-beans/5.1.0.BUILD-SNAPSHOT/spring-beans-5.1.0.BUILD-SNAPSHOT.jar
>/Users/aclement/.m2/repository/org/springframework/spring-expression/5.1.0.BUILD-SNAPSHOT/spring-expression-5.1.0.BUILD-SNAPSHOT.jar
>/Users/aclement/.m2/repository/org/springframework/boot/spring-boot-starter-logging/2.1.0.BUILD-SNAPSHOT/spring-boot-starter-logging-2.1.0.BUILD-SNAPSHOT.jar
>/Users/aclement/.m2/repository/ch/qos/logback/logback-classic/1.2.3/logback-classic-1.2.3.jar
>/Users/aclement/.m2/repository/ch/qos/logback/logback-core/1.2.3/logback-core-1.2.3.jar
>/Users/aclement/.m2/repository/org/apache/logging/log4j/log4j-to-slf4j/2.11.1/log4j-to-slf4j-2.11.1.jar
>/Users/aclement/.m2/repository/org/apache/logging/log4j/log4j-api/2.11.1/log4j-api-2.11.1.jar
>/Users/aclement/.m2/repository/org/slf4j/jul-to-slf4j/1.7.25/jul-to-slf4j-1.7.25.jar
>/Users/aclement/.m2/repository/javax/annotation/javax.annotation-api/1.3.2/javax.annotation-api-1.3.2.jar
>/Users/aclement/.m2/repository/org/springframework/spring-core/5.1.0.BUILD-SNAPSHOT/spring-core-5.1.0.BUILD-SNAPSHOT.jar
>/Users/aclement/.m2/repository/org/springframework/spring-jcl/5.1.0.BUILD-SNAPSHOT/spring-jcl-5.1.0.BUILD-SNAPSHOT.jar
>/Users/aclement/.m2/repository/org/springframework/boot/spring-boot-configuration-processor/2.1.0.BUILD-SNAPSHOT/spring-boot-configuration-processor-2.1.0.BUILD-SNAPSHOT.jar
>/Users/aclement/.m2/repository/org/slf4j/slf4j-api/1.7.25/slf4j-api-1.7.25.jar
>/Users/aclement/.m2/repository/com/google/code/gson/gson/2.8.5/gson-2.8.5.jar
Generating initializer for app.main.SampleConfiguration
No type level conditions on class app.main.SampleConfiguration
Searching for interface org.springframework.boot.SpringBootConfiguration in @org.springframework.context.annotation.Configuration(value=)
Searching for interface org.springframework.boot.SpringBootConfiguration in @java.lang.annotation.Target(value=[TYPE])
Searching for interface org.springframework.boot.SpringBootConfiguration in @java.lang.annotation.Documented()
Searching for interface org.springframework.boot.SpringBootConfiguration in @java.lang.annotation.Retention(value=RUNTIME)
Searching for interface org.springframework.boot.SpringBootConfiguration in @java.lang.annotation.Target(value=[ANNOTATION_TYPE])
Searching for interface org.springframework.boot.SpringBootConfiguration in @org.springframework.stereotype.Component(value=)
Searching for interface org.springframework.boot.SpringBootConfiguration in @org.springframework.stereotype.Indexed()
[INFO] Transformed 2 types
[INFO] 
[INFO] --- maven-resources-plugin:3.1.0:testResources (default-testResources) @ application ---
[INFO] Using 'UTF-8' encoding to copy filtered resources.
[INFO] skip non existing resourceDirectory /Users/aclement/forks/spring-init-experiment/application/src/test/resources
[INFO] 
[INFO] --- maven-compiler-plugin:3.8.0:testCompile (default-testCompile) @ application ---
[INFO] Changes detected - recompiling the module!
[INFO] Compiling 1 source file to /Users/aclement/forks/spring-init-experiment/application/target/test-classes
[INFO] 
[INFO] --- maven-surefire-plugin:2.22.1:test (default-test) @ application ---
[INFO] 
[INFO] -------------------------------------------------------
[INFO]  T E S T S
[INFO] -------------------------------------------------------
[INFO] Running app.main.SampleApplicationTests
13:34:49.654 [main] DEBUG org.springframework.test.context.junit4.SpringJUnit4ClassRunner - SpringJUnit4ClassRunner constructor called with [class app.main.SampleApplicationTests]
13:34:49.659 [main] DEBUG org.springframework.test.context.BootstrapUtils - Instantiating CacheAwareContextLoaderDelegate from class [org.springframework.test.context.cache.DefaultCacheAwareContextLoaderDelegate]
13:34:49.665 [main] DEBUG org.springframework.test.context.BootstrapUtils - Instantiating BootstrapContext using constructor [public org.springframework.test.context.support.DefaultBootstrapContext(java.lang.Class,org.springframework.test.context.CacheAwareContextLoaderDelegate)]
13:34:49.682 [main] DEBUG org.springframework.test.context.BootstrapUtils - Instantiating TestContextBootstrapper for test class [app.main.SampleApplicationTests] from class [org.springframework.boot.test.context.SpringBootTestContextBootstrapper]
13:34:49.692 [main] INFO org.springframework.boot.test.context.SpringBootTestContextBootstrapper - Neither @ContextConfiguration nor @ContextHierarchy found for test class [app.main.SampleApplicationTests], using SpringBootContextLoader
13:34:49.695 [main] DEBUG org.springframework.test.context.support.AbstractContextLoader - Did not detect default resource location for test class [app.main.SampleApplicationTests]: class path resource [app/main/SampleApplicationTests-context.xml] does not exist
13:34:49.696 [main] DEBUG org.springframework.test.context.support.AbstractContextLoader - Did not detect default resource location for test class [app.main.SampleApplicationTests]: class path resource [app/main/SampleApplicationTestsContext.groovy] does not exist
13:34:49.696 [main] INFO org.springframework.test.context.support.AbstractContextLoader - Could not detect default resource locations for test class [app.main.SampleApplicationTests]: no resource found for suffixes {-context.xml, Context.groovy}.
13:34:49.696 [main] INFO org.springframework.test.context.support.AnnotationConfigContextLoaderUtils - Could not detect default configuration classes for test class [app.main.SampleApplicationTests]: SampleApplicationTests does not declare any static, non-private, non-final, nested classes annotated with @Configuration.
13:34:49.726 [main] DEBUG org.springframework.test.context.support.ActiveProfilesUtils - Could not find an 'annotation declaring class' for annotation type [org.springframework.test.context.ActiveProfiles] and class [app.main.SampleApplicationTests]
13:34:49.784 [main] DEBUG org.springframework.context.annotation.ClassPathScanningCandidateComponentProvider - Identified candidate component class: file [/Users/aclement/forks/spring-init-experiment/application/target/classes/app/main/SampleApplication.class]
13:34:49.787 [main] INFO org.springframework.boot.test.context.SpringBootTestContextBootstrapper - Found @SpringBootConfiguration app.main.SampleApplication for test class app.main.SampleApplicationTests
13:34:49.863 [main] DEBUG org.springframework.boot.test.context.SpringBootTestContextBootstrapper - @TestExecutionListeners is not present for class [app.main.SampleApplicationTests]: using defaults.
13:34:49.864 [main] INFO org.springframework.boot.test.context.SpringBootTestContextBootstrapper - Loaded default TestExecutionListener class names from location [META-INF/spring.factories]: [org.springframework.boot.test.mock.mockito.MockitoTestExecutionListener, org.springframework.boot.test.mock.mockito.ResetMocksTestExecutionListener, org.springframework.boot.test.autoconfigure.restdocs.RestDocsTestExecutionListener, org.springframework.boot.test.autoconfigure.web.client.MockRestServiceServerResetTestExecutionListener, org.springframework.boot.test.autoconfigure.web.servlet.MockMvcPrintOnlyOnFailureTestExecutionListener, org.springframework.boot.test.autoconfigure.web.servlet.WebDriverTestExecutionListener, org.springframework.test.context.web.ServletTestExecutionListener, org.springframework.test.context.support.DirtiesContextBeforeModesTestExecutionListener, org.springframework.test.context.support.DependencyInjectionTestExecutionListener, org.springframework.test.context.support.DirtiesContextTestExecutionListener, org.springframework.test.context.transaction.TransactionalTestExecutionListener, org.springframework.test.context.jdbc.SqlScriptsTestExecutionListener]
13:34:49.870 [main] DEBUG org.springframework.boot.test.context.SpringBootTestContextBootstrapper - Skipping candidate TestExecutionListener [org.springframework.test.context.web.ServletTestExecutionListener] due to a missing dependency. Specify custom listener classes or make the default listener classes and their required dependencies available. Offending class: [javax/servlet/ServletContext]
13:34:49.872 [main] DEBUG org.springframework.boot.test.context.SpringBootTestContextBootstrapper - Skipping candidate TestExecutionListener [org.springframework.test.context.transaction.TransactionalTestExecutionListener] due to a missing dependency. Specify custom listener classes or make the default listener classes and their required dependencies available. Offending class: [org/springframework/transaction/interceptor/TransactionAttributeSource]
13:34:49.872 [main] DEBUG org.springframework.boot.test.context.SpringBootTestContextBootstrapper - Skipping candidate TestExecutionListener [org.springframework.test.context.jdbc.SqlScriptsTestExecutionListener] due to a missing dependency. Specify custom listener classes or make the default listener classes and their required dependencies available. Offending class: [org/springframework/transaction/interceptor/TransactionAttribute]
13:34:49.873 [main] INFO org.springframework.boot.test.context.SpringBootTestContextBootstrapper - Using TestExecutionListeners: [org.springframework.test.context.support.DirtiesContextBeforeModesTestExecutionListener@5f058f00, org.springframework.boot.test.mock.mockito.MockitoTestExecutionListener@192d43ce, org.springframework.boot.test.autoconfigure.SpringBootDependencyInjectionTestExecutionListener@72057ecf, org.springframework.test.context.support.DirtiesContextTestExecutionListener@1afd44cb, org.springframework.boot.test.mock.mockito.ResetMocksTestExecutionListener@6973b51b, org.springframework.boot.test.autoconfigure.restdocs.RestDocsTestExecutionListener@1ab3a8c8, org.springframework.boot.test.autoconfigure.web.client.MockRestServiceServerResetTestExecutionListener@43195e57, org.springframework.boot.test.autoconfigure.web.servlet.MockMvcPrintOnlyOnFailureTestExecutionListener@333291e3, org.springframework.boot.test.autoconfigure.web.servlet.WebDriverTestExecutionListener@479d31f3]
13:34:49.874 [main] DEBUG org.springframework.test.annotation.ProfileValueUtils - Retrieved @ProfileValueSourceConfiguration [null] for test class [app.main.SampleApplicationTests]
13:34:49.875 [main] DEBUG org.springframework.test.annotation.ProfileValueUtils - Retrieved ProfileValueSource type [class org.springframework.test.annotation.SystemProfileValueSource] for class [app.main.SampleApplicationTests]
13:34:49.876 [main] DEBUG org.springframework.test.annotation.ProfileValueUtils - Retrieved @ProfileValueSourceConfiguration [null] for test class [app.main.SampleApplicationTests]
13:34:49.876 [main] DEBUG org.springframework.test.annotation.ProfileValueUtils - Retrieved ProfileValueSource type [class org.springframework.test.annotation.SystemProfileValueSource] for class [app.main.SampleApplicationTests]
13:34:49.877 [main] DEBUG org.springframework.test.annotation.ProfileValueUtils - Retrieved @ProfileValueSourceConfiguration [null] for test class [app.main.SampleApplicationTests]
13:34:49.877 [main] DEBUG org.springframework.test.annotation.ProfileValueUtils - Retrieved ProfileValueSource type [class org.springframework.test.annotation.SystemProfileValueSource] for class [app.main.SampleApplicationTests]
13:34:49.880 [main] DEBUG org.springframework.test.context.support.AbstractDirtiesContextTestExecutionListener - Before test class: context [DefaultTestContext@661972b0 testClass = SampleApplicationTests, testInstance = [null], testMethod = [null], testException = [null], mergedContextConfiguration = [MergedContextConfiguration@5af3afd9 testClass = SampleApplicationTests, locations = '{}', classes = '{class app.main.SampleApplication}', contextInitializerClasses = '[]', activeProfiles = '{}', propertySourceLocations = '{}', propertySourceProperties = '{spring.main.application-context-class=org.springframework.context.support.GenericApplicationContext, org.springframework.boot.test.context.SpringBootTestContextBootstrapper=true}', contextCustomizers = set[org.springframework.boot.test.context.filter.ExcludeFilterContextCustomizer@60285225, org.springframework.boot.test.json.DuplicateJsonObjectContextCustomizerFactory$DuplicateJsonObjectContextCustomizer@6043cd28, org.springframework.boot.test.mock.mockito.MockitoContextCustomizer@0, org.springframework.boot.test.web.client.TestRestTemplateContextCustomizer@4eb7f003, org.springframework.boot.test.autoconfigure.properties.PropertyMappingContextCustomizer@0, org.springframework.boot.test.autoconfigure.web.servlet.WebDriverContextCustomizerFactory$Customizer@43bd930a], contextLoader = 'org.springframework.boot.test.context.SpringBootContextLoader', parent = [null]], attributes = map[[empty]]], class annotated with @DirtiesContext [false] with mode [null].
13:34:49.881 [main] DEBUG org.springframework.test.annotation.ProfileValueUtils - Retrieved @ProfileValueSourceConfiguration [null] for test class [app.main.SampleApplicationTests]
13:34:49.881 [main] DEBUG org.springframework.test.annotation.ProfileValueUtils - Retrieved ProfileValueSource type [class org.springframework.test.annotation.SystemProfileValueSource] for class [app.main.SampleApplicationTests]
13:34:49.885 [main] DEBUG org.springframework.test.context.support.DependencyInjectionTestExecutionListener - Performing dependency injection for test context [[DefaultTestContext@661972b0 testClass = SampleApplicationTests, testInstance = app.main.SampleApplicationTests@7ec7ffd3, testMethod = [null], testException = [null], mergedContextConfiguration = [MergedContextConfiguration@5af3afd9 testClass = SampleApplicationTests, locations = '{}', classes = '{class app.main.SampleApplication}', contextInitializerClasses = '[]', activeProfiles = '{}', propertySourceLocations = '{}', propertySourceProperties = '{spring.main.application-context-class=org.springframework.context.support.GenericApplicationContext, org.springframework.boot.test.context.SpringBootTestContextBootstrapper=true}', contextCustomizers = set[org.springframework.boot.test.context.filter.ExcludeFilterContextCustomizer@60285225, org.springframework.boot.test.json.DuplicateJsonObjectContextCustomizerFactory$DuplicateJsonObjectContextCustomizer@6043cd28, org.springframework.boot.test.mock.mockito.MockitoContextCustomizer@0, org.springframework.boot.test.web.client.TestRestTemplateContextCustomizer@4eb7f003, org.springframework.boot.test.autoconfigure.properties.PropertyMappingContextCustomizer@0, org.springframework.boot.test.autoconfigure.web.servlet.WebDriverContextCustomizerFactory$Customizer@43bd930a], contextLoader = 'org.springframework.boot.test.context.SpringBootContextLoader', parent = [null]], attributes = map[[empty]]]].
13:34:49.906 [main] DEBUG org.springframework.test.context.support.TestPropertySourceUtils - Adding inlined properties to environment: {spring.jmx.enabled=false, spring.main.application-context-class=org.springframework.context.support.GenericApplicationContext, org.springframework.boot.test.context.SpringBootTestContextBootstrapper=true, server.port=-1}

  .   ____          _            __ _ _
 /\\ / ___'_ __ _ _(_)_ __  __ _ \ \ \ \
( ( )\___ | '_ | '_| | '_ \/ _` | \ \ \ \
 \\/  ___)| |_)| | | | | || (_| |  ) ) ) )
  '  |____| .__|_| |_|_| |_\__, | / / / /
 =========|_|==============|___/=/_/_/_/
 :: Spring Boot ::  (v2.1.0.BUILD-SNAPSHOT)

2018-10-18 13:34:50.094 DEBUG 3749 --- [           main] slim.ModuleInstallerListener             : ModuleImport: class app.main.SampleModule
2018-10-18 13:34:50.095 DEBUG 3749 --- [           main] slim.ModuleInstallerListener             : Module: class app.main.SampleModule
2018-10-18 13:34:50.096 DEBUG 3749 --- [           main] slim.ModuleInstallerListener             : Import: class org.springframework.boot.autoconfigure.gson.GsonAutoConfiguration
2018-10-18 13:34:50.108 DEBUG 3749 --- [           main] slim.ModuleInstallerListener             : Import: class org.springframework.boot.context.properties.EnableConfigurationPropertiesImportSelector
2018-10-18 13:34:50.108 DEBUG 3749 --- [           main] slim.ModuleInstallerListener             : Import: class app.main.SampleConfiguration
2018-10-18 13:34:50.108 DEBUG 3749 --- [           main] slim.ModuleInstallerListener             : Import: class org.springframework.boot.autoconfigure.context.PropertyPlaceholderAutoConfiguration
2018-10-18 13:34:50.108 DEBUG 3749 --- [           main] slim.ModuleInstallerListener             : Module: class boot.autoconfigure.context.ContextAutoConfigurationModule
2018-10-18 13:34:50.110 DEBUG 3749 --- [           main] slim.ModuleInstallerListener             : Import: class org.springframework.boot.autoconfigure.context.ConfigurationPropertiesAutoConfiguration
2018-10-18 13:34:50.110 DEBUG 3749 --- [           main] slim.ModuleInstallerListener             : Import: class org.springframework.boot.context.properties.EnableConfigurationPropertiesImportSelector
2018-10-18 13:34:50.111  INFO 3749 --- [           main] slim.ModuleInstallerListener             : Applying initializers
2018-10-18 13:34:50.112  INFO 3749 --- [           main] slim.ModuleInstallerListener             : Applying autoconfig
2018-10-18 13:34:50.117  INFO 3749 --- [           main] app.main.SampleApplicationTests          : Starting SampleApplicationTests on Andys-MacBook-Pro-2018.local with PID 3749 (started by aclement in /Users/aclement/forks/spring-init-experiment/application)
2018-10-18 13:34:50.117  INFO 3749 --- [           main] app.main.SampleApplicationTests          : No active profile set, falling back to default profiles: default
2018-10-18 13:34:50.209  WARN 3749 --- [           main] o.s.c.support.GenericApplicationContext  : Exception encountered during context initialization - cancelling refresh attempt: org.springframework.beans.factory.BeanCreationException: Error creating bean with name 'app.main.Foo': Initialization of bean failed; nested exception is java.lang.NoSuchMethodError: org.springframework.beans.factory.annotation.BeanFactoryAnnotationUtils.qualifiedBeansOfType(Lorg/springframework/beans/factory/ListableBeanFactory;Ljava/lang/Class;Ljava/lang/String;)Ljava/util/Map;
2018-10-18 13:34:50.212  INFO 3749 --- [           main] ConditionEvaluationReportLoggingListener : 

Error starting ApplicationContext. To display the conditions report re-run your application with 'debug' enabled.
2018-10-18 13:34:50.214 ERROR 3749 --- [           main] o.s.b.d.LoggingFailureAnalysisReporter   : 

***************************
APPLICATION FAILED TO START
***************************

Description:

An attempt was made to call the method org.springframework.beans.factory.annotation.BeanFactoryAnnotationUtils.qualifiedBeansOfType(Lorg/springframework/beans/factory/ListableBeanFactory;Ljava/lang/Class;Ljava/lang/String;)Ljava/util/Map; but it does not exist. Its class, org.springframework.beans.factory.annotation.BeanFactoryAnnotationUtils, is available from the following locations:

    jar:file:/Users/aclement/.m2/repository/org/springframework/spring-beans/5.1.0.BUILD-SNAPSHOT/spring-beans-5.1.0.BUILD-SNAPSHOT.jar!/org/springframework/beans/factory/annotation/BeanFactoryAnnotationUtils.class

It was loaded from the following location:

    file:/Users/aclement/.m2/repository/org/springframework/spring-beans/5.1.0.BUILD-SNAPSHOT/spring-beans-5.1.0.BUILD-SNAPSHOT.jar


Action:

Correct the classpath of your application so that it contains a single, compatible version of org.springframework.beans.factory.annotation.BeanFactoryAnnotationUtils


  .   ____          _            __ _ _
 /\\ / ___'_ __ _ _(_)_ __  __ _ \ \ \ \
( ( )\___ | '_ | '_| | '_ \/ _` | \ \ \ \
 \\/  ___)| |_)| | | | | || (_| |  ) ) ) )
  '  |____| .__|_| |_|_| |_\__, | / / / /
 =========|_|==============|___/=/_/_/_/
 :: Spring Boot ::  (v2.1.0.BUILD-SNAPSHOT)

2018-10-18 13:34:50.243 DEBUG 3749 --- [           main] slim.ModuleInstallerListener             : ModuleImport: class app.main.SampleModule
2018-10-18 13:34:50.243 DEBUG 3749 --- [           main] slim.ModuleInstallerListener             : Module: class app.main.SampleModule
2018-10-18 13:34:50.243 DEBUG 3749 --- [           main] slim.ModuleInstallerListener             : Import: class org.springframework.boot.autoconfigure.gson.GsonAutoConfiguration
2018-10-18 13:34:50.244 DEBUG 3749 --- [           main] slim.ModuleInstallerListener             : Import: class org.springframework.boot.context.properties.EnableConfigurationPropertiesImportSelector
2018-10-18 13:34:50.245 DEBUG 3749 --- [           main] slim.ModuleInstallerListener             : Import: class app.main.SampleConfiguration
2018-10-18 13:34:50.245 DEBUG 3749 --- [           main] slim.ModuleInstallerListener             : Import: class org.springframework.boot.autoconfigure.context.PropertyPlaceholderAutoConfiguration
2018-10-18 13:34:50.245 DEBUG 3749 --- [           main] slim.ModuleInstallerListener             : Module: class boot.autoconfigure.context.ContextAutoConfigurationModule
2018-10-18 13:34:50.245 DEBUG 3749 --- [           main] slim.ModuleInstallerListener             : Import: class org.springframework.boot.autoconfigure.context.ConfigurationPropertiesAutoConfiguration
2018-10-18 13:34:50.246 DEBUG 3749 --- [           main] slim.ModuleInstallerListener             : Import: class org.springframework.boot.context.properties.EnableConfigurationPropertiesImportSelector
2018-10-18 13:34:50.246  INFO 3749 --- [           main] slim.ModuleInstallerListener             : Applying initializers
2018-10-18 13:34:50.246  INFO 3749 --- [           main] slim.ModuleInstallerListener             : Applying autoconfig
2018-10-18 13:34:50.246  INFO 3749 --- [           main] app.main.SampleApplicationTests          : Starting SampleApplicationTests on Andys-MacBook-Pro-2018.local with PID 3749 (started by aclement in /Users/aclement/forks/spring-init-experiment/application)
2018-10-18 13:34:50.247  INFO 3749 --- [           main] app.main.SampleApplicationTests          : No active profile set, falling back to default profiles: default
2018-10-18 13:34:50.261  WARN 3749 --- [           main] o.s.c.support.GenericApplicationContext  : Exception encountered during context initialization - cancelling refresh attempt: org.springframework.beans.factory.BeanCreationException: Error creating bean with name 'app.main.Foo': Initialization of bean failed; nested exception is java.lang.NoSuchMethodError: org.springframework.beans.factory.annotation.BeanFactoryAnnotationUtils.qualifiedBeansOfType(Lorg/springframework/beans/factory/ListableBeanFactory;Ljava/lang/Class;Ljava/lang/String;)Ljava/util/Map;
2018-10-18 13:34:50.262  INFO 3749 --- [           main] ConditionEvaluationReportLoggingListener : 

Error starting ApplicationContext. To display the conditions report re-run your application with 'debug' enabled.
2018-10-18 13:34:50.263 ERROR 3749 --- [           main] o.s.b.d.LoggingFailureAnalysisReporter   : 

***************************
APPLICATION FAILED TO START
***************************

Description:

An attempt was made to call the method org.springframework.beans.factory.annotation.BeanFactoryAnnotationUtils.qualifiedBeansOfType(Lorg/springframework/beans/factory/ListableBeanFactory;Ljava/lang/Class;Ljava/lang/String;)Ljava/util/Map; but it does not exist. Its class, org.springframework.beans.factory.annotation.BeanFactoryAnnotationUtils, is available from the following locations:

    jar:file:/Users/aclement/.m2/repository/org/springframework/spring-beans/5.1.0.BUILD-SNAPSHOT/spring-beans-5.1.0.BUILD-SNAPSHOT.jar!/org/springframework/beans/factory/annotation/BeanFactoryAnnotationUtils.class

It was loaded from the following location:

    file:/Users/aclement/.m2/repository/org/springframework/spring-beans/5.1.0.BUILD-SNAPSHOT/spring-beans-5.1.0.BUILD-SNAPSHOT.jar


Action:

Correct the classpath of your application so that it contains a single, compatible version of org.springframework.beans.factory.annotation.BeanFactoryAnnotationUtils

2018-10-18 13:34:50.267 ERROR 3749 --- [           main] o.s.test.context.TestContextManager      : Caught exception while allowing TestExecutionListener [org.springframework.boot.test.autoconfigure.SpringBootDependencyInjectionTestExecutionListener@72057ecf] to prepare test instance [app.main.SampleApplicationTests@7ec7ffd3]

java.lang.IllegalStateException: Failed to load ApplicationContext
	at org.springframework.test.context.cache.DefaultCacheAwareContextLoaderDelegate.loadContext(DefaultCacheAwareContextLoaderDelegate.java:125) ~[spring-test-5.1.0.BUILD-SNAPSHOT.jar:5.1.0.BUILD-SNAPSHOT]
	at org.springframework.test.context.support.DefaultTestContext.getApplicationContext(DefaultTestContext.java:108) ~[spring-test-5.1.0.BUILD-SNAPSHOT.jar:5.1.0.BUILD-SNAPSHOT]
	at org.springframework.test.context.support.DependencyInjectionTestExecutionListener.injectDependencies(DependencyInjectionTestExecutionListener.java:118) ~[spring-test-5.1.0.BUILD-SNAPSHOT.jar:5.1.0.BUILD-SNAPSHOT]
	at org.springframework.test.context.support.DependencyInjectionTestExecutionListener.prepareTestInstance(DependencyInjectionTestExecutionListener.java:83) ~[spring-test-5.1.0.BUILD-SNAPSHOT.jar:5.1.0.BUILD-SNAPSHOT]
	at org.springframework.boot.test.autoconfigure.SpringBootDependencyInjectionTestExecutionListener.prepareTestInstance(SpringBootDependencyInjectionTestExecutionListener.java:44) ~[spring-boot-test-autoconfigure-2.1.0.BUILD-SNAPSHOT.jar:2.1.0.BUILD-SNAPSHOT]
	at org.springframework.test.context.TestContextManager.prepareTestInstance(TestContextManager.java:246) ~[spring-test-5.1.0.BUILD-SNAPSHOT.jar:5.1.0.BUILD-SNAPSHOT]
	at org.springframework.test.context.junit4.SpringJUnit4ClassRunner.createTest(SpringJUnit4ClassRunner.java:227) [spring-test-5.1.0.BUILD-SNAPSHOT.jar:5.1.0.BUILD-SNAPSHOT]
	at org.springframework.test.context.junit4.SpringJUnit4ClassRunner$1.runReflectiveCall(SpringJUnit4ClassRunner.java:289) [spring-test-5.1.0.BUILD-SNAPSHOT.jar:5.1.0.BUILD-SNAPSHOT]
	at org.junit.internal.runners.model.ReflectiveCallable.run(ReflectiveCallable.java:12) [junit-4.12.jar:4.12]
	at org.springframework.test.context.junit4.SpringJUnit4ClassRunner.methodBlock(SpringJUnit4ClassRunner.java:291) [spring-test-5.1.0.BUILD-SNAPSHOT.jar:5.1.0.BUILD-SNAPSHOT]
	at org.springframework.test.context.junit4.SpringJUnit4ClassRunner.runChild(SpringJUnit4ClassRunner.java:246) [spring-test-5.1.0.BUILD-SNAPSHOT.jar:5.1.0.BUILD-SNAPSHOT]
	at org.springframework.test.context.junit4.SpringJUnit4ClassRunner.runChild(SpringJUnit4ClassRunner.java:97) [spring-test-5.1.0.BUILD-SNAPSHOT.jar:5.1.0.BUILD-SNAPSHOT]
	at org.junit.runners.ParentRunner$3.run(ParentRunner.java:290) [junit-4.12.jar:4.12]
	at org.junit.runners.ParentRunner$1.schedule(ParentRunner.java:71) [junit-4.12.jar:4.12]
	at org.junit.runners.ParentRunner.runChildren(ParentRunner.java:288) [junit-4.12.jar:4.12]
	at org.junit.runners.ParentRunner.access$000(ParentRunner.java:58) [junit-4.12.jar:4.12]
	at org.junit.runners.ParentRunner$2.evaluate(ParentRunner.java:268) [junit-4.12.jar:4.12]
	at org.springframework.test.context.junit4.statements.RunBeforeTestClassCallbacks.evaluate(RunBeforeTestClassCallbacks.java:61) [spring-test-5.1.0.BUILD-SNAPSHOT.jar:5.1.0.BUILD-SNAPSHOT]
	at org.springframework.test.context.junit4.statements.RunAfterTestClassCallbacks.evaluate(RunAfterTestClassCallbacks.java:70) [spring-test-5.1.0.BUILD-SNAPSHOT.jar:5.1.0.BUILD-SNAPSHOT]
	at org.junit.runners.ParentRunner.run(ParentRunner.java:363) [junit-4.12.jar:4.12]
	at org.springframework.test.context.junit4.SpringJUnit4ClassRunner.run(SpringJUnit4ClassRunner.java:190) [spring-test-5.1.0.BUILD-SNAPSHOT.jar:5.1.0.BUILD-SNAPSHOT]
	at org.apache.maven.surefire.junit4.JUnit4Provider.execute(JUnit4Provider.java:365) [surefire-junit4-2.22.1.jar:2.22.1]
	at org.apache.maven.surefire.junit4.JUnit4Provider.executeWithRerun(JUnit4Provider.java:273) [surefire-junit4-2.22.1.jar:2.22.1]
	at org.apache.maven.surefire.junit4.JUnit4Provider.executeTestSet(JUnit4Provider.java:238) [surefire-junit4-2.22.1.jar:2.22.1]
	at org.apache.maven.surefire.junit4.JUnit4Provider.invoke(JUnit4Provider.java:159) [surefire-junit4-2.22.1.jar:2.22.1]
	at org.apache.maven.surefire.booter.ForkedBooter.invokeProviderInSameClassLoader(ForkedBooter.java:384) [surefire-booter-2.22.1.jar:2.22.1]
	at org.apache.maven.surefire.booter.ForkedBooter.runSuitesInProcess(ForkedBooter.java:345) [surefire-booter-2.22.1.jar:2.22.1]
	at org.apache.maven.surefire.booter.ForkedBooter.execute(ForkedBooter.java:126) [surefire-booter-2.22.1.jar:2.22.1]
	at org.apache.maven.surefire.booter.ForkedBooter.main(ForkedBooter.java:418) [surefire-booter-2.22.1.jar:2.22.1]
Caused by: org.springframework.beans.factory.BeanCreationException: Error creating bean with name 'app.main.Foo': Initialization of bean failed; nested exception is java.lang.NoSuchMethodError: org.springframework.beans.factory.annotation.BeanFactoryAnnotationUtils.qualifiedBeansOfType(Lorg/springframework/beans/factory/ListableBeanFactory;Ljava/lang/Class;Ljava/lang/String;)Ljava/util/Map;
	at org.springframework.beans.factory.support.AbstractAutowireCapableBeanFactory.doCreateBean(AbstractAutowireCapableBeanFactory.java:584) ~[spring-beans-5.1.0.BUILD-SNAPSHOT.jar:5.1.0.BUILD-SNAPSHOT]
	at org.springframework.beans.factory.support.AbstractAutowireCapableBeanFactory.createBean(AbstractAutowireCapableBeanFactory.java:498) ~[spring-beans-5.1.0.BUILD-SNAPSHOT.jar:5.1.0.BUILD-SNAPSHOT]
	at org.springframework.beans.factory.support.AbstractBeanFactory.lambda$doGetBean$0(AbstractBeanFactory.java:320) ~[spring-beans-5.1.0.BUILD-SNAPSHOT.jar:5.1.0.BUILD-SNAPSHOT]
	at org.springframework.beans.factory.support.DefaultSingletonBeanRegistry.getSingleton(DefaultSingletonBeanRegistry.java:222) ~[spring-beans-5.1.0.BUILD-SNAPSHOT.jar:5.1.0.BUILD-SNAPSHOT]
	at org.springframework.beans.factory.support.AbstractBeanFactory.doGetBean(AbstractBeanFactory.java:318) ~[spring-beans-5.1.0.BUILD-SNAPSHOT.jar:5.1.0.BUILD-SNAPSHOT]
	at org.springframework.beans.factory.support.AbstractBeanFactory.getBean(AbstractBeanFactory.java:199) ~[spring-beans-5.1.0.BUILD-SNAPSHOT.jar:5.1.0.BUILD-SNAPSHOT]
	at org.springframework.beans.factory.support.DefaultListableBeanFactory.preInstantiateSingletons(DefaultListableBeanFactory.java:848) ~[spring-beans-5.1.0.BUILD-SNAPSHOT.jar:5.1.0.BUILD-SNAPSHOT]
	at org.springframework.context.support.AbstractApplicationContext.finishBeanFactoryInitialization(AbstractApplicationContext.java:865) ~[spring-context-5.1.0.BUILD-SNAPSHOT.jar:5.1.0.BUILD-SNAPSHOT]
	at org.springframework.context.support.AbstractApplicationContext.refresh(AbstractApplicationContext.java:548) ~[spring-context-5.1.0.BUILD-SNAPSHOT.jar:5.1.0.BUILD-SNAPSHOT]
	at org.springframework.boot.SpringApplication.refresh(SpringApplication.java:771) ~[spring-boot-2.1.0.BUILD-SNAPSHOT.jar:2.1.0.BUILD-SNAPSHOT]
	at org.springframework.boot.SpringApplication.refreshContext(SpringApplication.java:395) ~[spring-boot-2.1.0.BUILD-SNAPSHOT.jar:2.1.0.BUILD-SNAPSHOT]
	at org.springframework.boot.SpringApplication.run(SpringApplication.java:314) ~[spring-boot-2.1.0.BUILD-SNAPSHOT.jar:2.1.0.BUILD-SNAPSHOT]
	at org.springframework.boot.test.context.SpringBootContextLoader.loadContext(SpringBootContextLoader.java:127) ~[spring-boot-test-2.1.0.BUILD-SNAPSHOT.jar:2.1.0.BUILD-SNAPSHOT]
	at org.springframework.test.context.cache.DefaultCacheAwareContextLoaderDelegate.loadContextInternal(DefaultCacheAwareContextLoaderDelegate.java:99) ~[spring-test-5.1.0.BUILD-SNAPSHOT.jar:5.1.0.BUILD-SNAPSHOT]
	at org.springframework.test.context.cache.DefaultCacheAwareContextLoaderDelegate.loadContext(DefaultCacheAwareContextLoaderDelegate.java:117) ~[spring-test-5.1.0.BUILD-SNAPSHOT.jar:5.1.0.BUILD-SNAPSHOT]
	... 28 common frames omitted
Caused by: java.lang.NoSuchMethodError: org.springframework.beans.factory.annotation.BeanFactoryAnnotationUtils.qualifiedBeansOfType(Lorg/springframework/beans/factory/ListableBeanFactory;Ljava/lang/Class;Ljava/lang/String;)Ljava/util/Map;
	at org.springframework.boot.context.properties.ConversionServiceDeducer$Factory.beans(ConversionServiceDeducer.java:85) ~[spring-boot-2.1.0.BUILD-SNAPSHOT.jar:2.1.0.BUILD-SNAPSHOT]
	at org.springframework.boot.context.properties.ConversionServiceDeducer$Factory.beans(ConversionServiceDeducer.java:77) ~[spring-boot-2.1.0.BUILD-SNAPSHOT.jar:2.1.0.BUILD-SNAPSHOT]
	at org.springframework.boot.context.properties.ConversionServiceDeducer$Factory.<init>(ConversionServiceDeducer.java:68) ~[spring-boot-2.1.0.BUILD-SNAPSHOT.jar:2.1.0.BUILD-SNAPSHOT]
	at org.springframework.boot.context.properties.ConversionServiceDeducer.getConversionService(ConversionServiceDeducer.java:55) ~[spring-boot-2.1.0.BUILD-SNAPSHOT.jar:2.1.0.BUILD-SNAPSHOT]
	at org.springframework.boot.context.properties.ConfigurationPropertiesBinder.getConversionService(ConfigurationPropertiesBinder.java:161) ~[spring-boot-2.1.0.BUILD-SNAPSHOT.jar:2.1.0.BUILD-SNAPSHOT]
	at org.springframework.boot.context.properties.ConfigurationPropertiesBinder.getBinder(ConfigurationPropertiesBinder.java:145) ~[spring-boot-2.1.0.BUILD-SNAPSHOT.jar:2.1.0.BUILD-SNAPSHOT]
	at org.springframework.boot.context.properties.ConfigurationPropertiesBinder.bind(ConfigurationPropertiesBinder.java:83) ~[spring-boot-2.1.0.BUILD-SNAPSHOT.jar:2.1.0.BUILD-SNAPSHOT]
	at org.springframework.boot.context.properties.ConfigurationPropertiesBindingPostProcessor.bind(ConfigurationPropertiesBindingPostProcessor.java:107) ~[spring-boot-2.1.0.BUILD-SNAPSHOT.jar:2.1.0.BUILD-SNAPSHOT]
	at org.springframework.boot.context.properties.ConfigurationPropertiesBindingPostProcessor.postProcessBeforeInitialization(ConfigurationPropertiesBindingPostProcessor.java:93) ~[spring-boot-2.1.0.BUILD-SNAPSHOT.jar:2.1.0.BUILD-SNAPSHOT]
	at org.springframework.beans.factory.support.AbstractAutowireCapableBeanFactory.applyBeanPostProcessorsBeforeInitialization(AbstractAutowireCapableBeanFactory.java:419) ~[spring-beans-5.1.0.BUILD-SNAPSHOT.jar:5.1.0.BUILD-SNAPSHOT]
	at org.springframework.beans.factory.support.AbstractAutowireCapableBeanFactory.initializeBean(AbstractAutowireCapableBeanFactory.java:1736) ~[spring-beans-5.1.0.BUILD-SNAPSHOT.jar:5.1.0.BUILD-SNAPSHOT]
	at org.springframework.beans.factory.support.AbstractAutowireCapableBeanFactory.doCreateBean(AbstractAutowireCapableBeanFactory.java:576) ~[spring-beans-5.1.0.BUILD-SNAPSHOT.jar:5.1.0.BUILD-SNAPSHOT]
	... 42 common frames omitted

[ERROR] Tests run: 1, Failures: 0, Errors: 1, Skipped: 0, Time elapsed: 0.777 s <<< FAILURE! - in app.main.SampleApplicationTests
[ERROR] test(app.main.SampleApplicationTests)  Time elapsed: 0 s  <<< ERROR!
java.lang.IllegalStateException: Failed to load ApplicationContext
Caused by: org.springframework.beans.factory.BeanCreationException: Error creating bean with name 'app.main.Foo': Initialization of bean failed; nested exception is java.lang.NoSuchMethodError: org.springframework.beans.factory.annotation.BeanFactoryAnnotationUtils.qualifiedBeansOfType(Lorg/springframework/beans/factory/ListableBeanFactory;Ljava/lang/Class;Ljava/lang/String;)Ljava/util/Map;
Caused by: java.lang.NoSuchMethodError: org.springframework.beans.factory.annotation.BeanFactoryAnnotationUtils.qualifiedBeansOfType(Lorg/springframework/beans/factory/ListableBeanFactory;Ljava/lang/Class;Ljava/lang/String;)Ljava/util/Map;

[INFO] 
[INFO] Results:
[INFO] 
[ERROR] Errors: 
[ERROR]   SampleApplicationTests.test  IllegalState Failed to load ApplicationContext
[INFO] 
[ERROR] Tests run: 1, Failures: 0, Errors: 1, Skipped: 0
[INFO] 
[INFO] ------------------------------------------------------------------------
[INFO] Reactor Summary:
[INFO] 
[INFO] slim 1.0-SNAPSHOT .................................. SUCCESS [  1.805 s]
[INFO] library 1.0-SNAPSHOT ............................... SUCCESS [  0.461 s]
[INFO] aspects 1.0-SNAPSHOT ............................... SUCCESS [  0.166 s]
[INFO] Parent Demo ........................................ SUCCESS [  0.024 s]
[INFO] application 1.0-SNAPSHOT ........................... FAILURE [  2.304 s]
[INFO] server 1.0-SNAPSHOT ................................ SKIPPED
[INFO] jackson 1.0-SNAPSHOT ............................... SKIPPED
[INFO] mustache 1.0-SNAPSHOT .............................. SKIPPED
[INFO] Parent Demo 0.0.1-SNAPSHOT ......................... SKIPPED
[INFO] ------------------------------------------------------------------------
[INFO] BUILD FAILURE
[INFO] ------------------------------------------------------------------------
[INFO] Total time: 5.570 s
[INFO] Finished at: 2018-10-18T13:34:50-07:00
[INFO] ------------------------------------------------------------------------
[ERROR] Failed to execute goal org.apache.maven.plugins:maven-surefire-plugin:2.22.1:test (default-test) on project application: There are test failures.
[ERROR] 
[ERROR] Please refer to /Users/aclement/forks/spring-init-experiment/application/target/surefire-reports for the individual test results.
[ERROR] Please refer to dump files (if any exist) [date].dump, [date]-jvmRun[N].dump and [date].dumpstream.
[ERROR] -> [Help 1]
[ERROR] 
[ERROR] To see the full stack trace of the errors, re-run Maven with the -e switch.
[ERROR] Re-run Maven using the -X switch to enable full debug logging.
[ERROR] 
[ERROR] For more information about the errors and possible solutions, please read the following articles:
[ERROR] [Help 1] http://cwiki.apache.org/confluence/display/MAVEN/MojoFailureException
[ERROR] 
[ERROR] After correcting the problems, you can resume the build with the command
[ERROR]   mvn <goals> -rf :application
